<?xml version="1.0" encoding="UTF-8"?>
<!-- Generated by org.testng.reporters.JUnitReportReporter -->
<testsuite hostname="thmohamm" failures="0" tests="1" name="com.training.sanity.tests.UNF_056_Test" time="8.760" errors="0" timestamp="15 Mar 2019 08:41:59 GMT" skipped="0">
  <testcase classname="com.training.sanity.tests.UNF_056_Test" name="Catelogicon" time="8.760"/>
</testsuite> <!-- com.training.sanity.tests.UNF_056_Test -->
