<?xml version="1.0" encoding="UTF-8"?>
<!-- Generated by org.testng.reporters.JUnitReportReporter -->
<testsuite hostname="thmohamm" failures="0" tests="1" name="com.training.sanity.tests.UNF_060_Test" time="4.982" errors="0" timestamp="19 Mar 2019 14:30:16 GMT" skipped="0">
  <testcase classname="com.training.sanity.tests.UNF_060_Test" name="Marketingicon" time="4.982"/>
</testsuite> <!-- com.training.sanity.tests.UNF_060_Test -->
