<?xml version="1.0" encoding="UTF-8"?>
<!-- Generated by org.testng.reporters.JUnitReportReporter -->
<testsuite hostname="thmohamm" failures="0" tests="1" name="com.training.sanity.tests.ShikshaTest" time="5.694" errors="0" timestamp="08 Mar 2019 08:10:30 GMT" skipped="0">
  <testcase classname="com.training.sanity.tests.ShikshaTest" name="FilterOrders" time="5.694"/>
</testsuite> <!-- com.training.sanity.tests.ShikshaTest -->
