<?xml version="1.0" encoding="UTF-8"?>
<!-- Generated by org.testng.reporters.JUnitReportReporter -->
<testsuite hostname="thmohamm" failures="0" tests="1" name="com.training.sanity.tests.LoginTests" time="8.486" errors="0" timestamp="06 Mar 2019 10:23:16 GMT" skipped="0">
  <testcase classname="com.training.sanity.tests.LoginTests" name="validLoginTest" time="8.486"/>
</testsuite> <!-- com.training.sanity.tests.LoginTests -->
