<?xml version="1.0" encoding="UTF-8"?>
<!-- Generated by org.testng.reporters.JUnitReportReporter -->
<testsuite hostname="thmohamm" failures="0" tests="1" name="com.training.sanity.tests.UNF_058_Test" time="4.320" errors="0" timestamp="19 Mar 2019 14:59:29 GMT" skipped="0">
  <testcase classname="com.training.sanity.tests.UNF_058_Test" name="Marketingicon" time="4.320"/>
</testsuite> <!-- com.training.sanity.tests.UNF_058_Test -->
