<?xml version="1.0" encoding="UTF-8"?>
<!-- Generated by org.testng.reporters.JUnitReportReporter -->
<testsuite hostname="thmohamm" failures="0" tests="1" name="com.training.sanity.tests.UNF_030_EmailLogout" time="17.713" errors="0" timestamp="11 Mar 2019 11:22:58 GMT" skipped="0">
  <testcase classname="com.training.sanity.tests.UNF_030_EmailLogout" name="validLoginTest" time="17.713"/>
</testsuite> <!-- com.training.sanity.tests.UNF_030_EmailLogout -->
