<?xml version="1.0" encoding="UTF-8"?>
<!-- Generated by org.testng.reporters.JUnitReportReporter -->
<testsuite hostname="thmohamm" failures="0" tests="1" name="com.training.sanity.tests.UNF_057_Test" time="6.533" errors="0" timestamp="19 Mar 2019 15:28:10 GMT" skipped="0">
  <testcase classname="com.training.sanity.tests.UNF_057_Test" name="Catelogicon" time="6.533"/>
</testsuite> <!-- com.training.sanity.tests.UNF_057_Test -->
