<?xml version="1.0" encoding="UTF-8"?>
<!-- Generated by org.testng.reporters.JUnitReportReporter -->
<testsuite hostname="thmohamm" failures="0" tests="1" name="com.training.sanity.tests.UNF_026_Test" time="21.040" errors="0" timestamp="11 Mar 2019 11:20:10 GMT" skipped="0">
  <testcase classname="com.training.sanity.tests.UNF_026_Test" name="validLoginTest" time="21.040"/>
</testsuite> <!-- com.training.sanity.tests.UNF_026_Test -->
