<?xml version="1.0" encoding="UTF-8"?>
<!-- Generated by org.testng.reporters.JUnitReportReporter -->
<testsuite hostname="thmohamm" failures="0" tests="1" name="com.training.sanity.tests.UNF_028_Test" time="5.646" errors="0" timestamp="11 Mar 2019 11:21:39 GMT" skipped="0">
  <testcase classname="com.training.sanity.tests.UNF_028_Test" name="Customerslink" time="5.646"/>
</testsuite> <!-- com.training.sanity.tests.UNF_028_Test -->
