<?xml version="1.0" encoding="UTF-8"?>
<!-- Generated by org.testng.reporters.JUnitReportReporter -->
<testsuite hostname="thmohamm" failures="0" tests="1" name="com.training.sanity.tests.UNF_027_Cust_Test" time="4.199" errors="0" timestamp="11 Mar 2019 11:20:48 GMT" skipped="0">
  <testcase classname="com.training.sanity.tests.UNF_027_Cust_Test" name="Customerslink" time="4.199"/>
</testsuite> <!-- com.training.sanity.tests.UNF_027_Cust_Test -->
